<?xml version="1.0" encoding="UTF-8"?>
<coverage generated="1751647658162" clover="3.2.0">
  <project timestamp="1751647658162" name="All files">
    <metrics statements="16" coveredstatements="13" conditionals="2" coveredconditionals="1" methods="5" coveredmethods="3" elements="23" coveredelements="17" complexity="0" loc="16" ncloc="16" packages="2" files="4" classes="4"/>
    <package name="components">
      <metrics statements="6" coveredstatements="5" conditionals="0" coveredconditionals="0" methods="2" coveredmethods="1"/>
      <file name="Contact.js" path="C:\Users\Rupa Singh\Music\Interview_Prep - Copy\React\src\components\Contact.js">
        <metrics statements="6" coveredstatements="5" conditionals="0" coveredconditionals="0" methods="2" coveredmethods="1"/>
        <line num="5" count="1" type="stmt"/>
        <line num="6" count="1" type="stmt"/>
        <line num="11" count="1" type="stmt"/>
        <line num="15" count="1" type="stmt"/>
        <line num="16" count="0" type="stmt"/>
        <line num="18" count="1" type="stmt"/>
      </file>
    </package>
    <package name="formik">
      <metrics statements="10" coveredstatements="8" conditionals="2" coveredconditionals="1" methods="3" coveredmethods="2"/>
      <file name="ErrorText.js" path="C:\Users\Rupa Singh\Music\Interview_Prep - Copy\React\src\formik\ErrorText.js">
        <metrics statements="2" coveredstatements="1" conditionals="0" coveredconditionals="0" methods="1" coveredmethods="0"/>
        <line num="3" count="1" type="stmt"/>
        <line num="5" count="0" type="stmt"/>
      </file>
      <file name="FormikControl.js" path="C:\Users\Rupa Singh\Music\Interview_Prep - Copy\React\src\formik\FormikControl.js">
        <metrics statements="5" coveredstatements="4" conditionals="2" coveredconditionals="1" methods="1" coveredmethods="1"/>
        <line num="3" count="1" type="stmt"/>
        <line num="4" count="2" type="stmt"/>
        <line num="6" count="2" type="cond" truecount="1" falsecount="1"/>
        <line num="8" count="2" type="stmt"/>
        <line num="10" count="0" type="stmt"/>
      </file>
      <file name="Input.js" path="C:\Users\Rupa Singh\Music\Interview_Prep - Copy\React\src\formik\Input.js">
        <metrics statements="3" coveredstatements="3" conditionals="0" coveredconditionals="0" methods="1" coveredmethods="1"/>
        <line num="4" count="1" type="stmt"/>
        <line num="5" count="2" type="stmt"/>
        <line num="7" count="2" type="stmt"/>
      </file>
    </package>
  </project>
</coverage>
