{"C:\\Users\\mm3129\\Documents\\Practice\\Prep\\React\\src\\components\\Body.js": {"path":"C:\\Users\\mm3129\\Documents\\Practice\\Prep\\React\\src\\components\\Body.js","statementMap":{"0":{"start":{"line":8,"column":20},"end":{"line":91,"column":1}},"1":{"start":{"line":16,"column":6},"end":{"line":16,"column":22}},"2":{"start":{"line":18,"column":34},"end":{"line":18,"column":66}},"3":{"start":{"line":20,"column":40},"end":{"line":20,"column":63}},"4":{"start":{"line":22,"column":2},"end":{"line":90,"column":4}},"5":{"start":{"line":29,"column":27},"end":{"line":29,"column":56}},"6":{"start":{"line":36,"column":29},"end":{"line":40,"column":14}},"7":{"start":{"line":37,"column":14},"end":{"line":39,"column":52}},"8":{"start":{"line":41,"column":12},"end":{"line":41,"column":38}},"9":{"start":{"line":46,"column":31},"end":{"line":46,"column":56}},"10":{"start":{"line":55,"column":35},"end":{"line":57,"column":16}},"11":{"start":{"line":56,"column":16},"end":{"line":56,"column":48}},"12":{"start":{"line":58,"column":14},"end":{"line":58,"column":44}},"13":{"start":{"line":66,"column":16},"end":{"line":79,"column":18}}},"fnMap":{"0":{"name":"(anonymous_0)","decl":{"start":{"line":8,"column":20},"end":{"line":8,"column":21}},"loc":{"start":{"line":8,"column":26},"end":{"line":91,"column":1}},"line":8},"1":{"name":"(anonymous_1)","decl":{"start":{"line":29,"column":20},"end":{"line":29,"column":21}},"loc":{"start":{"line":29,"column":27},"end":{"line":29,"column":56}},"line":29},"2":{"name":"(anonymous_2)","decl":{"start":{"line":35,"column":19},"end":{"line":35,"column":20}},"loc":{"start":{"line":35,"column":25},"end":{"line":42,"column":11}},"line":35},"3":{"name":"(anonymous_3)","decl":{"start":{"line":36,"column":48},"end":{"line":36,"column":49}},"loc":{"start":{"line":36,"column":58},"end":{"line":40,"column":13}},"line":36},"4":{"name":"(anonymous_4)","decl":{"start":{"line":46,"column":25},"end":{"line":46,"column":26}},"loc":{"start":{"line":46,"column":31},"end":{"line":46,"column":56}},"line":46},"5":{"name":"(anonymous_5)","decl":{"start":{"line":54,"column":21},"end":{"line":54,"column":22}},"loc":{"start":{"line":54,"column":27},"end":{"line":59,"column":13}},"line":54},"6":{"name":"(anonymous_6)","decl":{"start":{"line":55,"column":54},"end":{"line":55,"column":55}},"loc":{"start":{"line":55,"column":63},"end":{"line":57,"column":15}},"line":55},"7":{"name":"(anonymous_7)","decl":{"start":{"line":65,"column":31},"end":{"line":65,"column":32}},"loc":{"start":{"line":65,"column":47},"end":{"line":80,"column":15}},"line":65}},"branchMap":{"0":{"loc":{"start":{"line":50,"column":7},"end":{"line":88,"column":7}},"type":"cond-expr","locations":[{"start":{"line":51,"column":8},"end":{"line":85,"column":14}},{"start":{"line":87,"column":8},"end":{"line":87,"column":19}}],"line":50},"1":{"loc":{"start":{"line":64,"column":13},"end":{"line":83,"column":13}},"type":"cond-expr","locations":[{"start":{"line":65,"column":14},"end":{"line":80,"column":16}},{"start":{"line":82,"column":14},"end":{"line":82,"column":43}}],"line":64},"2":{"loc":{"start":{"line":73,"column":21},"end":{"line":77,"column":21}},"type":"cond-expr","locations":[{"start":{"line":74,"column":22},"end":{"line":74,"column":75}},{"start":{"line":76,"column":22},"end":{"line":76,"column":66}}],"line":73}},"s":{"0":1,"1":11,"2":11,"3":11,"4":11,"5":1,"6":1,"7":8,"8":1,"9":0,"10":1,"11":8,"12":1,"13":44},"f":{"0":11,"1":1,"2":1,"3":8,"4":0,"5":1,"6":8,"7":44},"b":{"0":[7,4],"1":[7,0],"2":[0,44]},"_coverageSchema":"1a1c01bbd47fc00a2c39e90264f33305004495a9","hash":"a5a128bc43f23accbfdc84760e93386c9420fc3e"}
,"C:\\Users\\mm3129\\Documents\\Practice\\Prep\\React\\src\\components\\Cart.js": {"path":"C:\\Users\\mm3129\\Documents\\Practice\\Prep\\React\\src\\components\\Cart.js","statementMap":{"0":{"start":{"line":6,"column":13},"end":{"line":50,"column":1}},"1":{"start":{"line":7,"column":16},"end":{"line":7,"column":56}},"2":{"start":{"line":7,"column":39},"end":{"line":7,"column":55}},"3":{"start":{"line":8,"column":19},"end":{"line":8,"column":32}},"4":{"start":{"line":10,"column":26},"end":{"line":13,"column":3}},"5":{"start":{"line":11,"column":4},"end":{"line":11,"column":26}},"6":{"start":{"line":15,"column":2},"end":{"line":49,"column":4}}},"fnMap":{"0":{"name":"(anonymous_0)","decl":{"start":{"line":6,"column":13},"end":{"line":6,"column":14}},"loc":{"start":{"line":6,"column":19},"end":{"line":50,"column":1}},"line":6},"1":{"name":"(anonymous_1)","decl":{"start":{"line":7,"column":28},"end":{"line":7,"column":29}},"loc":{"start":{"line":7,"column":39},"end":{"line":7,"column":55}},"line":7},"2":{"name":"(anonymous_2)","decl":{"start":{"line":10,"column":26},"end":{"line":10,"column":27}},"loc":{"start":{"line":10,"column":32},"end":{"line":13,"column":3}},"line":10}},"branchMap":{"0":{"loc":{"start":{"line":17,"column":7},"end":{"line":47,"column":7}},"type":"cond-expr","locations":[{"start":{"line":18,"column":8},"end":{"line":33,"column":14}},{"start":{"line":35,"column":8},"end":{"line":46,"column":14}}],"line":17}},"s":{"0":1,"1":1,"2":2,"3":1,"4":1,"5":0,"6":1},"f":{"0":1,"1":2,"2":0},"b":{"0":[1,0]},"_coverageSchema":"1a1c01bbd47fc00a2c39e90264f33305004495a9","hash":"2dc2f33dfd53ee1c2b95a6010187c5fa4eb22666"}
,"C:\\Users\\mm3129\\Documents\\Practice\\Prep\\React\\src\\components\\Dishes.js": {"path":"C:\\Users\\mm3129\\Documents\\Practice\\Prep\\React\\src\\components\\Dishes.js","statementMap":{"0":{"start":{"line":2,"column":15},"end":{"line":33,"column":1}},"1":{"start":{"line":3,"column":30},"end":{"line":3,"column":34}},"2":{"start":{"line":6,"column":23},"end":{"line":9,"column":3}},"3":{"start":{"line":8,"column":6},"end":{"line":8,"column":16}},"4":{"start":{"line":11,"column":2},"end":{"line":32,"column":4}},"5":{"start":{"line":35,"column":32},"end":{"line":44,"column":1}},"6":{"start":{"line":36,"column":2},"end":{"line":43,"column":4}},"7":{"start":{"line":37,"column":4},"end":{"line":42,"column":6}}},"fnMap":{"0":{"name":"(anonymous_0)","decl":{"start":{"line":2,"column":15},"end":{"line":2,"column":16}},"loc":{"start":{"line":2,"column":49},"end":{"line":33,"column":1}},"line":2},"1":{"name":"(anonymous_1)","decl":{"start":{"line":6,"column":23},"end":{"line":6,"column":24}},"loc":{"start":{"line":7,"column":2},"end":{"line":9,"column":3}},"line":7},"2":{"name":"(anonymous_2)","decl":{"start":{"line":35,"column":32},"end":{"line":35,"column":33}},"loc":{"start":{"line":35,"column":42},"end":{"line":44,"column":1}},"line":35},"3":{"name":"(anonymous_3)","decl":{"start":{"line":36,"column":9},"end":{"line":36,"column":10}},"loc":{"start":{"line":36,"column":20},"end":{"line":43,"column":3}},"line":36}},"branchMap":{"0":{"loc":{"start":{"line":14,"column":9},"end":{"line":29,"column":16}},"type":"cond-expr","locations":[{"start":{"line":15,"column":10},"end":{"line":28,"column":16}},{"start":{"line":29,"column":12},"end":{"line":29,"column":16}}],"line":14},"1":{"loc":{"start":{"line":25,"column":14},"end":{"line":27,"column":20}},"type":"cond-expr","locations":[{"start":{"line":26,"column":15},"end":{"line":26,"column":83}},{"start":{"line":27,"column":16},"end":{"line":27,"column":20}}],"line":25}},"s":{"0":1,"1":25,"2":25,"3":0,"4":25,"5":1,"6":2,"7":24},"f":{"0":25,"1":0,"2":2,"3":24},"b":{"0":[25,0],"1":[1,24]},"_coverageSchema":"1a1c01bbd47fc00a2c39e90264f33305004495a9","hash":"2a49d1b25a4d3ac29fb19e61d1ed99087b13291c"}
,"C:\\Users\\mm3129\\Documents\\Practice\\Prep\\React\\src\\components\\Header.js": {"path":"C:\\Users\\mm3129\\Documents\\Practice\\Prep\\React\\src\\components\\Header.js","statementMap":{"0":{"start":{"line":8,"column":15},"end":{"line":61,"column":1}},"1":{"start":{"line":9,"column":36},"end":{"line":9,"column":53}},"2":{"start":{"line":10,"column":19},"end":{"line":10,"column":36}},"3":{"start":{"line":11,"column":27},"end":{"line":11,"column":50}},"4":{"start":{"line":12,"column":20},"end":{"line":12,"column":60}},"5":{"start":{"line":12,"column":43},"end":{"line":12,"column":59}},"6":{"start":{"line":15,"column":2},"end":{"line":60,"column":4}},"7":{"start":{"line":47,"column":12},"end":{"line":49,"column":38}}},"fnMap":{"0":{"name":"(anonymous_0)","decl":{"start":{"line":8,"column":15},"end":{"line":8,"column":16}},"loc":{"start":{"line":8,"column":21},"end":{"line":61,"column":1}},"line":8},"1":{"name":"(anonymous_1)","decl":{"start":{"line":12,"column":32},"end":{"line":12,"column":33}},"loc":{"start":{"line":12,"column":43},"end":{"line":12,"column":59}},"line":12},"2":{"name":"(anonymous_2)","decl":{"start":{"line":46,"column":19},"end":{"line":46,"column":20}},"loc":{"start":{"line":46,"column":25},"end":{"line":50,"column":11}},"line":46}},"branchMap":{"0":{"loc":{"start":{"line":29,"column":15},"end":{"line":29,"column":52}},"type":"cond-expr","locations":[{"start":{"line":29,"column":26},"end":{"line":29,"column":37}},{"start":{"line":29,"column":40},"end":{"line":29,"column":52}}],"line":29},"1":{"loc":{"start":{"line":47,"column":12},"end":{"line":49,"column":37}},"type":"cond-expr","locations":[{"start":{"line":48,"column":16},"end":{"line":48,"column":38}},{"start":{"line":49,"column":16},"end":{"line":49,"column":37}}],"line":47}},"s":{"0":2,"1":6,"2":6,"3":6,"4":6,"5":11,"6":6,"7":1},"f":{"0":6,"1":11,"2":1},"b":{"0":[6,0],"1":[1,0]},"_coverageSchema":"1a1c01bbd47fc00a2c39e90264f33305004495a9","hash":"04cce80d6d4e6801778aa1a93868897574844cf4"}
,"C:\\Users\\mm3129\\Documents\\Practice\\Prep\\React\\src\\components\\ItemsList.js": {"path":"C:\\Users\\mm3129\\Documents\\Practice\\Prep\\React\\src\\components\\ItemsList.js","statementMap":{"0":{"start":{"line":3,"column":18},"end":{"line":26,"column":1}},"1":{"start":{"line":4,"column":26},"end":{"line":4,"column":54}},"2":{"start":{"line":6,"column":2},"end":{"line":25,"column":4}},"3":{"start":{"line":9,"column":19},"end":{"line":9,"column":33}},"4":{"start":{"line":10,"column":8},"end":{"line":22,"column":10}}},"fnMap":{"0":{"name":"(anonymous_0)","decl":{"start":{"line":3,"column":18},"end":{"line":3,"column":19}},"loc":{"start":{"line":3,"column":57},"end":{"line":26,"column":1}},"line":3},"1":{"name":"(anonymous_1)","decl":{"start":{"line":8,"column":21},"end":{"line":8,"column":22}},"loc":{"start":{"line":8,"column":38},"end":{"line":23,"column":7}},"line":8}},"branchMap":{"0":{"loc":{"start":{"line":12,"column":13},"end":{"line":20,"column":13}},"type":"cond-expr","locations":[{"start":{"line":13,"column":14},"end":{"line":17,"column":16}},{"start":{"line":19,"column":14},"end":{"line":19,"column":63}}],"line":12}},"s":{"0":1,"1":2,"2":2,"3":8,"4":8},"f":{"0":2,"1":8},"b":{"0":[2,6]},"_coverageSchema":"1a1c01bbd47fc00a2c39e90264f33305004495a9","hash":"77322cc951f4a75fa06cfcaad6e62a6f7de50cce"}
,"C:\\Users\\mm3129\\Documents\\Practice\\Prep\\React\\src\\components\\RestaurantCard.js": {"path":"C:\\Users\\mm3129\\Documents\\Practice\\Prep\\React\\src\\components\\RestaurantCard.js","statementMap":{"0":{"start":{"line":3,"column":23},"end":{"line":28,"column":1}},"1":{"start":{"line":5,"column":45},"end":{"line":5,"column":52}},"2":{"start":{"line":6,"column":2},"end":{"line":27,"column":4}},"3":{"start":{"line":30,"column":32},"end":{"line":42,"column":1}},"4":{"start":{"line":32,"column":2},"end":{"line":41,"column":4}},"5":{"start":{"line":33,"column":4},"end":{"line":40,"column":6}}},"fnMap":{"0":{"name":"(anonymous_0)","decl":{"start":{"line":3,"column":23},"end":{"line":3,"column":24}},"loc":{"start":{"line":3,"column":40},"end":{"line":28,"column":1}},"line":3},"1":{"name":"(anonymous_1)","decl":{"start":{"line":30,"column":32},"end":{"line":30,"column":33}},"loc":{"start":{"line":31,"column":3},"end":{"line":42,"column":1}},"line":31},"2":{"name":"(anonymous_2)","decl":{"start":{"line":32,"column":9},"end":{"line":32,"column":10}},"loc":{"start":{"line":32,"column":20},"end":{"line":41,"column":3}},"line":32}},"branchMap":{},"s":{"0":2,"1":45,"2":45,"3":2,"4":11,"5":0},"f":{"0":45,"1":11,"2":0},"b":{},"_coverageSchema":"1a1c01bbd47fc00a2c39e90264f33305004495a9","hash":"cd3d303e9f7f9ae21982805d2e6fa27854ed1072"}
,"C:\\Users\\mm3129\\Documents\\Practice\\Prep\\React\\src\\components\\RestaurantMenu.js": {"path":"C:\\Users\\mm3129\\Documents\\Practice\\Prep\\React\\src\\components\\RestaurantMenu.js","statementMap":{"0":{"start":{"line":8,"column":23},"end":{"line":66,"column":1}},"1":{"start":{"line":9,"column":20},"end":{"line":9,"column":31}},"2":{"start":{"line":11,"column":4},"end":{"line":11,"column":28}},"3":{"start":{"line":12,"column":42},"end":{"line":12,"column":53}},"4":{"start":{"line":14,"column":23},"end":{"line":16,"column":3}},"5":{"start":{"line":15,"column":4},"end":{"line":15,"column":73}},"6":{"start":{"line":15,"column":36},"end":{"line":15,"column":70}},"7":{"start":{"line":18,"column":24},"end":{"line":18,"column":48}},"8":{"start":{"line":19,"column":2},"end":{"line":19,"column":51}},"9":{"start":{"line":19,"column":32},"end":{"line":19,"column":51}},"10":{"start":{"line":21,"column":4},"end":{"line":21,"column":11}},"11":{"start":{"line":23,"column":2},"end":{"line":65,"column":4}},"12":{"start":{"line":44,"column":12},"end":{"line":60,"column":14}},"13":{"start":{"line":50,"column":36},"end":{"line":50,"column":55}},"14":{"start":{"line":56,"column":36},"end":{"line":56,"column":55}}},"fnMap":{"0":{"name":"(anonymous_0)","decl":{"start":{"line":8,"column":23},"end":{"line":8,"column":24}},"loc":{"start":{"line":8,"column":29},"end":{"line":66,"column":1}},"line":8},"1":{"name":"(anonymous_1)","decl":{"start":{"line":14,"column":23},"end":{"line":14,"column":24}},"loc":{"start":{"line":14,"column":34},"end":{"line":16,"column":3}},"line":14},"2":{"name":"(anonymous_2)","decl":{"start":{"line":15,"column":20},"end":{"line":15,"column":21}},"loc":{"start":{"line":15,"column":36},"end":{"line":15,"column":70}},"line":15},"3":{"name":"(anonymous_3)","decl":{"start":{"line":43,"column":28},"end":{"line":43,"column":29}},"loc":{"start":{"line":43,"column":45},"end":{"line":61,"column":11}},"line":43},"4":{"name":"(anonymous_4)","decl":{"start":{"line":50,"column":30},"end":{"line":50,"column":31}},"loc":{"start":{"line":50,"column":36},"end":{"line":50,"column":55}},"line":50},"5":{"name":"(anonymous_5)","decl":{"start":{"line":56,"column":30},"end":{"line":56,"column":31}},"loc":{"start":{"line":56,"column":36},"end":{"line":56,"column":55}},"line":56}},"branchMap":{"0":{"loc":{"start":{"line":15,"column":36},"end":{"line":15,"column":70}},"type":"cond-expr","locations":[{"start":{"line":15,"column":58},"end":{"line":15,"column":62}},{"start":{"line":15,"column":65},"end":{"line":15,"column":70}}],"line":15},"1":{"loc":{"start":{"line":19,"column":2},"end":{"line":19,"column":51}},"type":"if","locations":[{"start":{"line":19,"column":2},"end":{"line":19,"column":51}},{"start":{},"end":{}}],"line":19},"2":{"loc":{"start":{"line":19,"column":6},"end":{"line":19,"column":30}},"type":"binary-expr","locations":[{"start":{"line":19,"column":6},"end":{"line":19,"column":18}},{"start":{"line":19,"column":22},"end":{"line":19,"column":30}}],"line":19},"3":{"loc":{"start":{"line":46,"column":17},"end":{"line":58,"column":17}},"type":"cond-expr","locations":[{"start":{"line":47,"column":18},"end":{"line":51,"column":20}},{"start":{"line":53,"column":18},"end":{"line":57,"column":20}}],"line":46}},"s":{"0":1,"1":2,"2":2,"3":2,"4":2,"5":0,"6":0,"7":2,"8":2,"9":1,"10":1,"11":1,"12":25,"13":0,"14":0},"f":{"0":2,"1":0,"2":0,"3":25,"4":0,"5":0},"b":{"0":[0,0],"1":[1,1],"2":[2,1],"3":[1,24]},"_coverageSchema":"1a1c01bbd47fc00a2c39e90264f33305004495a9","hash":"f9d321f189cc52f627e5278a9577013d6299b02b"}
,"C:\\Users\\mm3129\\Documents\\Practice\\Prep\\React\\src\\components\\ToggleButton.js": {"path":"C:\\Users\\mm3129\\Documents\\Practice\\Prep\\React\\src\\components\\ToggleButton.js","statementMap":{"0":{"start":{"line":1,"column":21},"end":{"line":86,"column":1}},"1":{"start":{"line":2,"column":29},"end":{"line":23,"column":3}},"2":{"start":{"line":3,"column":19},"end":{"line":21,"column":22}},"3":{"start":{"line":5,"column":21},"end":{"line":5,"column":34}},"4":{"start":{"line":6,"column":30},"end":{"line":11,"column":10}},"5":{"start":{"line":7,"column":10},"end":{"line":10,"column":12}},"6":{"start":{"line":12,"column":8},"end":{"line":19,"column":9}},"7":{"start":{"line":13,"column":10},"end":{"line":16,"column":12}},"8":{"start":{"line":18,"column":10},"end":{"line":18,"column":22}},"9":{"start":{"line":22,"column":4},"end":{"line":22,"column":20}},"10":{"start":{"line":25,"column":26},"end":{"line":46,"column":3}},"11":{"start":{"line":26,"column":19},"end":{"line":44,"column":22}},"12":{"start":{"line":28,"column":21},"end":{"line":28,"column":34}},"13":{"start":{"line":29,"column":30},"end":{"line":34,"column":10}},"14":{"start":{"line":30,"column":10},"end":{"line":33,"column":12}},"15":{"start":{"line":35,"column":8},"end":{"line":42,"column":9}},"16":{"start":{"line":36,"column":10},"end":{"line":39,"column":12}},"17":{"start":{"line":41,"column":10},"end":{"line":41,"column":22}},"18":{"start":{"line":45,"column":4},"end":{"line":45,"column":20}},"19":{"start":{"line":48,"column":29},"end":{"line":50,"column":3}},"20":{"start":{"line":49,"column":4},"end":{"line":49,"column":26}},"21":{"start":{"line":52,"column":26},"end":{"line":54,"column":3}},"22":{"start":{"line":53,"column":4},"end":{"line":53,"column":23}},"23":{"start":{"line":56,"column":26},"end":{"line":58,"column":3}},"24":{"start":{"line":57,"column":4},"end":{"line":57,"column":26}},"25":{"start":{"line":60,"column":2},"end":{"line":85,"column":4}}},"fnMap":{"0":{"name":"(anonymous_0)","decl":{"start":{"line":1,"column":21},"end":{"line":1,"column":22}},"loc":{"start":{"line":1,"column":52},"end":{"line":86,"column":1}},"line":1},"1":{"name":"(anonymous_1)","decl":{"start":{"line":2,"column":29},"end":{"line":2,"column":30}},"loc":{"start":{"line":2,"column":36},"end":{"line":23,"column":3}},"line":2},"2":{"name":"(anonymous_2)","decl":{"start":{"line":4,"column":11},"end":{"line":4,"column":12}},"loc":{"start":{"line":4,"column":19},"end":{"line":20,"column":7}},"line":4},"3":{"name":"(anonymous_3)","decl":{"start":{"line":6,"column":44},"end":{"line":6,"column":45}},"loc":{"start":{"line":6,"column":54},"end":{"line":11,"column":9}},"line":6},"4":{"name":"(anonymous_4)","decl":{"start":{"line":25,"column":26},"end":{"line":25,"column":27}},"loc":{"start":{"line":25,"column":33},"end":{"line":46,"column":3}},"line":25},"5":{"name":"(anonymous_5)","decl":{"start":{"line":27,"column":11},"end":{"line":27,"column":12}},"loc":{"start":{"line":27,"column":19},"end":{"line":43,"column":7}},"line":27},"6":{"name":"(anonymous_6)","decl":{"start":{"line":29,"column":44},"end":{"line":29,"column":45}},"loc":{"start":{"line":29,"column":54},"end":{"line":34,"column":9}},"line":29},"7":{"name":"(anonymous_7)","decl":{"start":{"line":48,"column":29},"end":{"line":48,"column":30}},"loc":{"start":{"line":48,"column":36},"end":{"line":50,"column":3}},"line":48},"8":{"name":"(anonymous_8)","decl":{"start":{"line":52,"column":26},"end":{"line":52,"column":27}},"loc":{"start":{"line":52,"column":33},"end":{"line":54,"column":3}},"line":52},"9":{"name":"(anonymous_9)","decl":{"start":{"line":56,"column":26},"end":{"line":56,"column":27}},"loc":{"start":{"line":56,"column":32},"end":{"line":58,"column":3}},"line":56}},"branchMap":{"0":{"loc":{"start":{"line":12,"column":8},"end":{"line":19,"column":9}},"type":"if","locations":[{"start":{"line":12,"column":8},"end":{"line":19,"column":9}},{"start":{"line":17,"column":15},"end":{"line":19,"column":9}}],"line":12},"1":{"loc":{"start":{"line":35,"column":8},"end":{"line":42,"column":9}},"type":"if","locations":[{"start":{"line":35,"column":8},"end":{"line":42,"column":9}},{"start":{"line":40,"column":15},"end":{"line":42,"column":9}}],"line":35}},"s":{"0":1,"1":1,"2":0,"3":0,"4":0,"5":0,"6":0,"7":0,"8":0,"9":0,"10":1,"11":0,"12":0,"13":0,"14":0,"15":0,"16":0,"17":0,"18":0,"19":1,"20":0,"21":1,"22":0,"23":1,"24":0,"25":1},"f":{"0":1,"1":0,"2":0,"3":0,"4":0,"5":0,"6":0,"7":0,"8":0,"9":0},"b":{"0":[0,0],"1":[0,0]},"_coverageSchema":"1a1c01bbd47fc00a2c39e90264f33305004495a9","hash":"b8909a50af19729071d1eda7656854007d11c3bf"}
,"C:\\Users\\mm3129\\Documents\\Practice\\Prep\\React\\src\\utils\\appStore.js": {"path":"C:\\Users\\mm3129\\Documents\\Practice\\Prep\\React\\src\\utils\\appStore.js","statementMap":{"0":{"start":{"line":3,"column":19},"end":{"line":7,"column":2}}},"fnMap":{},"branchMap":{},"s":{"0":2},"f":{},"b":{},"_coverageSchema":"1a1c01bbd47fc00a2c39e90264f33305004495a9","hash":"24ec36b473c25a72360d0394feab734037132bf7"}
,"C:\\Users\\mm3129\\Documents\\Practice\\Prep\\React\\src\\utils\\useRestaurantMenu.js": {"path":"C:\\Users\\mm3129\\Documents\\Practice\\Prep\\React\\src\\utils\\useRestaurantMenu.js","statementMap":{"0":{"start":{"line":4,"column":26},"end":{"line":60,"column":1}},"1":{"start":{"line":5,"column":26},"end":{"line":5,"column":38}},"2":{"start":{"line":6,"column":32},"end":{"line":6,"column":46}},"3":{"start":{"line":7,"column":42},"end":{"line":7,"column":54}},"4":{"start":{"line":9,"column":20},"end":{"line":23,"column":3}},"5":{"start":{"line":10,"column":21},"end":{"line":10,"column":50}},"6":{"start":{"line":11,"column":17},"end":{"line":11,"column":38}},"7":{"start":{"line":13,"column":20},"end":{"line":13,"column":58}},"8":{"start":{"line":14,"column":4},"end":{"line":14,"column":24}},"9":{"start":{"line":16,"column":6},"end":{"line":16,"column":69}},"10":{"start":{"line":19,"column":21},"end":{"line":19,"column":55}},"11":{"start":{"line":20,"column":25},"end":{"line":20,"column":50}},"12":{"start":{"line":21,"column":4},"end":{"line":21,"column":26}},"13":{"start":{"line":22,"column":4},"end":{"line":22,"column":34}},"14":{"start":{"line":27,"column":26},"end":{"line":48,"column":3}},"15":{"start":{"line":28,"column":23},"end":{"line":30,"column":22}},"16":{"start":{"line":29,"column":20},"end":{"line":29,"column":54}},"17":{"start":{"line":31,"column":22},"end":{"line":35,"column":13}},"18":{"start":{"line":33,"column":8},"end":{"line":33,"column":18}},"19":{"start":{"line":37,"column":22},"end":{"line":45,"column":22}},"20":{"start":{"line":39,"column":20},"end":{"line":39,"column":35}},"21":{"start":{"line":40,"column":8},"end":{"line":42,"column":9}},"22":{"start":{"line":41,"column":10},"end":{"line":41,"column":23}},"23":{"start":{"line":43,"column":8},"end":{"line":43,"column":20}},"24":{"start":{"line":46,"column":17},"end":{"line":46,"column":47}},"25":{"start":{"line":47,"column":4},"end":{"line":47,"column":18}},"26":{"start":{"line":50,"column":2},"end":{"line":52,"column":9}},"27":{"start":{"line":51,"column":4},"end":{"line":51,"column":16}},"28":{"start":{"line":54,"column":2},"end":{"line":59,"column":4}}},"fnMap":{"0":{"name":"(anonymous_0)","decl":{"start":{"line":4,"column":26},"end":{"line":4,"column":27}},"loc":{"start":{"line":4,"column":37},"end":{"line":60,"column":1}},"line":4},"1":{"name":"(anonymous_1)","decl":{"start":{"line":9,"column":20},"end":{"line":9,"column":21}},"loc":{"start":{"line":9,"column":32},"end":{"line":23,"column":3}},"line":9},"2":{"name":"(anonymous_2)","decl":{"start":{"line":27,"column":26},"end":{"line":27,"column":27}},"loc":{"start":{"line":27,"column":36},"end":{"line":48,"column":3}},"line":27},"3":{"name":"(anonymous_3)","decl":{"start":{"line":29,"column":11},"end":{"line":29,"column":12}},"loc":{"start":{"line":29,"column":20},"end":{"line":29,"column":54}},"line":29},"4":{"name":"(anonymous_4)","decl":{"start":{"line":32,"column":11},"end":{"line":32,"column":12}},"loc":{"start":{"line":32,"column":19},"end":{"line":34,"column":7}},"line":32},"5":{"name":"(anonymous_5)","decl":{"start":{"line":38,"column":11},"end":{"line":38,"column":12}},"loc":{"start":{"line":38,"column":20},"end":{"line":44,"column":7}},"line":38},"6":{"name":"(anonymous_6)","decl":{"start":{"line":50,"column":12},"end":{"line":50,"column":13}},"loc":{"start":{"line":50,"column":18},"end":{"line":52,"column":3}},"line":50}},"branchMap":{"0":{"loc":{"start":{"line":29,"column":20},"end":{"line":29,"column":54}},"type":"binary-expr","locations":[{"start":{"line":29,"column":20},"end":{"line":29,"column":46}},{"start":{"line":29,"column":50},"end":{"line":29,"column":54}}],"line":29},"1":{"loc":{"start":{"line":40,"column":8},"end":{"line":42,"column":9}},"type":"if","locations":[{"start":{"line":40,"column":8},"end":{"line":42,"column":9}},{"start":{},"end":{}}],"line":40},"2":{"loc":{"start":{"line":40,"column":12},"end":{"line":40,"column":48}},"type":"binary-expr","locations":[{"start":{"line":40,"column":12},"end":{"line":40,"column":29}},{"start":{"line":40,"column":33},"end":{"line":40,"column":48}}],"line":40}},"s":{"0":1,"1":2,"2":2,"3":2,"4":2,"5":1,"6":1,"7":1,"8":1,"9":1,"10":1,"11":1,"12":1,"13":1,"14":2,"15":1,"16":18,"17":1,"18":4,"19":1,"20":18,"21":18,"22":14,"23":4,"24":1,"25":1,"26":2,"27":1,"28":2},"f":{"0":2,"1":1,"2":1,"3":18,"4":4,"5":18,"6":1},"b":{"0":[18,14],"1":[14,4],"2":[18,14]},"_coverageSchema":"1a1c01bbd47fc00a2c39e90264f33305004495a9","hash":"ad80300a377ce476f86405362f14585437b5dfa0"}
,"C:\\Users\\mm3129\\Documents\\Practice\\Prep\\React\\src\\utils\\useRestaurants.js": {"path":"C:\\Users\\mm3129\\Documents\\Practice\\Prep\\React\\src\\utils\\useRestaurants.js","statementMap":{"0":{"start":{"line":4,"column":23},"end":{"line":22,"column":1}},"1":{"start":{"line":5,"column":40},"end":{"line":5,"column":52}},"2":{"start":{"line":6,"column":38},"end":{"line":6,"column":50}},"3":{"start":{"line":7,"column":42},"end":{"line":7,"column":54}},"4":{"start":{"line":9,"column":20},"end":{"line":15,"column":3}},"5":{"start":{"line":10,"column":20},"end":{"line":10,"column":48}},"6":{"start":{"line":11,"column":14},"end":{"line":11,"column":35}},"7":{"start":{"line":12,"column":14},"end":{"line":12,"column":85}},"8":{"start":{"line":13,"column":4},"end":{"line":13,"column":24}},"9":{"start":{"line":14,"column":4},"end":{"line":14,"column":25}},"10":{"start":{"line":17,"column":2},"end":{"line":19,"column":9}},"11":{"start":{"line":18,"column":4},"end":{"line":18,"column":16}},"12":{"start":{"line":21,"column":3},"end":{"line":21,"column":98}}},"fnMap":{"0":{"name":"(anonymous_0)","decl":{"start":{"line":4,"column":23},"end":{"line":4,"column":24}},"loc":{"start":{"line":4,"column":29},"end":{"line":22,"column":1}},"line":4},"1":{"name":"(anonymous_1)","decl":{"start":{"line":9,"column":20},"end":{"line":9,"column":21}},"loc":{"start":{"line":9,"column":32},"end":{"line":15,"column":3}},"line":9},"2":{"name":"(anonymous_2)","decl":{"start":{"line":17,"column":12},"end":{"line":17,"column":13}},"loc":{"start":{"line":17,"column":18},"end":{"line":19,"column":3}},"line":17}},"branchMap":{},"s":{"0":1,"1":11,"2":11,"3":11,"4":11,"5":4,"6":4,"7":4,"8":4,"9":4,"10":11,"11":4,"12":11},"f":{"0":11,"1":4,"2":4},"b":{},"_coverageSchema":"1a1c01bbd47fc00a2c39e90264f33305004495a9","hash":"f8838632ecd13da3db5bc8e1231674d4b5bfdfd8"}
}
