{"C:\\Users\\Rupa Singh\\Music\\Interview_Prep - Copy\\React\\src\\assets\\constants.js": {"path":"C:\\Users\\Rupa Singh\\Music\\Interview_Prep - Copy\\React\\src\\assets\\constants.js","statementMap":{"0":{"start":{"line":1,"column":16},"end":{"line":1,"column":99}},"1":{"start":{"line":2,"column":16},"end":{"line":2,"column":99}},"2":{"start":{"line":3,"column":17},"end":{"line":3,"column":74}},"3":{"start":{"line":4,"column":17},"end":{"line":4,"column":136}},"4":{"start":{"line":5,"column":24},"end":{"line":5,"column":172}}},"fnMap":{},"branchMap":{},"s":{"0":2,"1":2,"2":2,"3":2,"4":2},"f":{},"b":{},"_coverageSchema":"1a1c01bbd47fc00a2c39e90264f33305004495a9","hash":"0f3605042920810bef26b47efe974d39ed11d01c"}
,"C:\\Users\\Rupa Singh\\Music\\Interview_Prep - Copy\\React\\src\\components\\Contact.js": {"path":"C:\\Users\\Rupa Singh\\Music\\Interview_Prep - Copy\\React\\src\\components\\Contact.js","statementMap":{"0":{"start":{"line":5,"column":16},"end":{"line":53,"column":1}},"1":{"start":{"line":6,"column":24},"end":{"line":9,"column":3}},"2":{"start":{"line":11,"column":27},"end":{"line":14,"column":4}},"3":{"start":{"line":15,"column":19},"end":{"line":17,"column":3}},"4":{"start":{"line":16,"column":4},"end":{"line":16,"column":24}},"5":{"start":{"line":18,"column":2},"end":{"line":52,"column":4}}},"fnMap":{"0":{"name":"(anonymous_0)","decl":{"start":{"line":5,"column":16},"end":{"line":5,"column":17}},"loc":{"start":{"line":5,"column":22},"end":{"line":53,"column":1}},"line":5},"1":{"name":"(anonymous_1)","decl":{"start":{"line":15,"column":19},"end":{"line":15,"column":20}},"loc":{"start":{"line":15,"column":31},"end":{"line":17,"column":3}},"line":15}},"branchMap":{},"s":{"0":1,"1":4,"2":4,"3":4,"4":0,"5":4},"f":{"0":4,"1":0},"b":{},"_coverageSchema":"1a1c01bbd47fc00a2c39e90264f33305004495a9","hash":"6545ffbf03ceba1591452c8a2267ed1968de3dc3"}
,"C:\\Users\\Rupa Singh\\Music\\Interview_Prep - Copy\\React\\src\\components\\Header.js": {"path":"C:\\Users\\Rupa Singh\\Music\\Interview_Prep - Copy\\React\\src\\components\\Header.js","statementMap":{"0":{"start":{"line":8,"column":15},"end":{"line":61,"column":1}},"1":{"start":{"line":9,"column":36},"end":{"line":9,"column":53}},"2":{"start":{"line":10,"column":19},"end":{"line":10,"column":36}},"3":{"start":{"line":11,"column":27},"end":{"line":11,"column":50}},"4":{"start":{"line":12,"column":20},"end":{"line":12,"column":60}},"5":{"start":{"line":12,"column":43},"end":{"line":12,"column":59}},"6":{"start":{"line":15,"column":2},"end":{"line":60,"column":4}},"7":{"start":{"line":47,"column":12},"end":{"line":49,"column":38}}},"fnMap":{"0":{"name":"(anonymous_0)","decl":{"start":{"line":8,"column":15},"end":{"line":8,"column":16}},"loc":{"start":{"line":8,"column":21},"end":{"line":61,"column":1}},"line":8},"1":{"name":"(anonymous_1)","decl":{"start":{"line":12,"column":32},"end":{"line":12,"column":33}},"loc":{"start":{"line":12,"column":43},"end":{"line":12,"column":59}},"line":12},"2":{"name":"(anonymous_2)","decl":{"start":{"line":46,"column":19},"end":{"line":46,"column":20}},"loc":{"start":{"line":46,"column":25},"end":{"line":50,"column":11}},"line":46}},"branchMap":{"0":{"loc":{"start":{"line":29,"column":15},"end":{"line":29,"column":52}},"type":"cond-expr","locations":[{"start":{"line":29,"column":26},"end":{"line":29,"column":37}},{"start":{"line":29,"column":40},"end":{"line":29,"column":52}}],"line":29},"1":{"loc":{"start":{"line":47,"column":12},"end":{"line":49,"column":37}},"type":"cond-expr","locations":[{"start":{"line":48,"column":16},"end":{"line":48,"column":38}},{"start":{"line":49,"column":16},"end":{"line":49,"column":37}}],"line":47}},"s":{"0":1,"1":5,"2":5,"3":5,"4":5,"5":9,"6":5,"7":1},"f":{"0":5,"1":9,"2":1},"b":{"0":[5,0],"1":[1,0]},"_coverageSchema":"1a1c01bbd47fc00a2c39e90264f33305004495a9","hash":"8ef7991cc58b048c053a8a71a3734fee05288c23"}
,"C:\\Users\\Rupa Singh\\Music\\Interview_Prep - Copy\\React\\src\\components\\RestaurantCard.js": {"path":"C:\\Users\\Rupa Singh\\Music\\Interview_Prep - Copy\\React\\src\\components\\RestaurantCard.js","statementMap":{"0":{"start":{"line":3,"column":23},"end":{"line":28,"column":1}},"1":{"start":{"line":4,"column":3},"end":{"line":4,"column":24}},"2":{"start":{"line":5,"column":45},"end":{"line":5,"column":52}},"3":{"start":{"line":6,"column":2},"end":{"line":27,"column":4}},"4":{"start":{"line":30,"column":32},"end":{"line":41,"column":1}},"5":{"start":{"line":31,"column":2},"end":{"line":40,"column":4}},"6":{"start":{"line":32,"column":4},"end":{"line":39,"column":6}}},"fnMap":{"0":{"name":"(anonymous_0)","decl":{"start":{"line":3,"column":23},"end":{"line":3,"column":24}},"loc":{"start":{"line":3,"column":40},"end":{"line":28,"column":1}},"line":3},"1":{"name":"(anonymous_1)","decl":{"start":{"line":30,"column":32},"end":{"line":30,"column":33}},"loc":{"start":{"line":30,"column":52},"end":{"line":41,"column":1}},"line":30},"2":{"name":"(anonymous_2)","decl":{"start":{"line":31,"column":9},"end":{"line":31,"column":10}},"loc":{"start":{"line":31,"column":20},"end":{"line":40,"column":3}},"line":31}},"branchMap":{},"s":{"0":1,"1":2,"2":2,"3":2,"4":1,"5":1,"6":1},"f":{"0":2,"1":1,"2":1},"b":{},"_coverageSchema":"1a1c01bbd47fc00a2c39e90264f33305004495a9","hash":"77614366bac32b8e153693974ba53dcee7439097"}
,"C:\\Users\\Rupa Singh\\Music\\Interview_Prep - Copy\\React\\src\\formik\\ErrorText.js": {"path":"C:\\Users\\Rupa Singh\\Music\\Interview_Prep - Copy\\React\\src\\formik\\ErrorText.js","statementMap":{"0":{"start":{"line":3,"column":19},"end":{"line":10,"column":1}},"1":{"start":{"line":5,"column":4},"end":{"line":9,"column":5}}},"fnMap":{"0":{"name":"(anonymous_0)","decl":{"start":{"line":3,"column":19},"end":{"line":3,"column":20}},"loc":{"start":{"line":4,"column":0},"end":{"line":10,"column":1}},"line":4}},"branchMap":{},"s":{"0":1,"1":0},"f":{"0":0},"b":{},"_coverageSchema":"1a1c01bbd47fc00a2c39e90264f33305004495a9","hash":"398b37e695f098d1660b4a59a0e1b495cb61b3c6"}
,"C:\\Users\\Rupa Singh\\Music\\Interview_Prep - Copy\\React\\src\\formik\\FormikControl.js": {"path":"C:\\Users\\Rupa Singh\\Music\\Interview_Prep - Copy\\React\\src\\formik\\FormikControl.js","statementMap":{"0":{"start":{"line":3,"column":22},"end":{"line":12,"column":1}},"1":{"start":{"line":4,"column":31},"end":{"line":4,"column":36}},"2":{"start":{"line":6,"column":2},"end":{"line":11,"column":3}},"3":{"start":{"line":8,"column":6},"end":{"line":8,"column":33}},"4":{"start":{"line":10,"column":6},"end":{"line":10,"column":18}}},"fnMap":{"0":{"name":"(anonymous_0)","decl":{"start":{"line":3,"column":22},"end":{"line":3,"column":23}},"loc":{"start":{"line":3,"column":33},"end":{"line":12,"column":1}},"line":3}},"branchMap":{"0":{"loc":{"start":{"line":6,"column":2},"end":{"line":11,"column":3}},"type":"switch","locations":[{"start":{"line":7,"column":4},"end":{"line":8,"column":33}},{"start":{"line":9,"column":4},"end":{"line":10,"column":18}}],"line":6}},"s":{"0":1,"1":8,"2":8,"3":8,"4":0},"f":{"0":8},"b":{"0":[8,0]},"_coverageSchema":"1a1c01bbd47fc00a2c39e90264f33305004495a9","hash":"4fa0320efe1e8dec5257f31dc34e0cf98c7a01a4"}
,"C:\\Users\\Rupa Singh\\Music\\Interview_Prep - Copy\\React\\src\\formik\\Input.js": {"path":"C:\\Users\\Rupa Singh\\Music\\Interview_Prep - Copy\\React\\src\\formik\\Input.js","statementMap":{"0":{"start":{"line":4,"column":14},"end":{"line":25,"column":1}},"1":{"start":{"line":5,"column":35},"end":{"line":5,"column":40}},"2":{"start":{"line":7,"column":2},"end":{"line":24,"column":4}}},"fnMap":{"0":{"name":"(anonymous_0)","decl":{"start":{"line":4,"column":14},"end":{"line":4,"column":15}},"loc":{"start":{"line":4,"column":25},"end":{"line":25,"column":1}},"line":4}},"branchMap":{},"s":{"0":1,"1":8,"2":8},"f":{"0":8},"b":{},"_coverageSchema":"1a1c01bbd47fc00a2c39e90264f33305004495a9","hash":"4b617aaf953e98c895b493ae6ede661e02c0fe8f"}
,"C:\\Users\\Rupa Singh\\Music\\Interview_Prep - Copy\\React\\src\\utils\\UserContext.js": {"path":"C:\\Users\\Rupa Singh\\Music\\Interview_Prep - Copy\\React\\src\\utils\\UserContext.js","statementMap":{"0":{"start":{"line":3,"column":29},"end":{"line":5,"column":2}}},"fnMap":{},"branchMap":{},"s":{"0":1},"f":{},"b":{},"_coverageSchema":"1a1c01bbd47fc00a2c39e90264f33305004495a9","hash":"af1d21c21955279607c28fa682616f5bafdc7a64"}
,"C:\\Users\\Rupa Singh\\Music\\Interview_Prep - Copy\\React\\src\\utils\\appStore.js": {"path":"C:\\Users\\Rupa Singh\\Music\\Interview_Prep - Copy\\React\\src\\utils\\appStore.js","statementMap":{"0":{"start":{"line":3,"column":19},"end":{"line":7,"column":2}}},"fnMap":{},"branchMap":{},"s":{"0":1},"f":{},"b":{},"_coverageSchema":"1a1c01bbd47fc00a2c39e90264f33305004495a9","hash":"cc7f2b8c13bf6fc3c5bd0420c19f04b23eb6682a"}
,"C:\\Users\\Rupa Singh\\Music\\Interview_Prep - Copy\\React\\src\\utils\\cartSlice.js": {"path":"C:\\Users\\Rupa Singh\\Music\\Interview_Prep - Copy\\React\\src\\utils\\cartSlice.js","statementMap":{"0":{"start":{"line":4,"column":18},"end":{"line":25,"column":5}},"1":{"start":{"line":12,"column":10},"end":{"line":12,"column":42}},"2":{"start":{"line":15,"column":15},"end":{"line":15,"column":32}},"3":{"start":{"line":19,"column":10},"end":{"line":19,"column":37}},"4":{"start":{"line":21,"column":10},"end":{"line":21,"column":37}},"5":{"start":{"line":22,"column":10},"end":{"line":22,"column":29}},"6":{"start":{"line":28,"column":48},"end":{"line":28,"column":65}}},"fnMap":{"0":{"name":"(anonymous_0)","decl":{"start":{"line":10,"column":18},"end":{"line":10,"column":19}},"loc":{"start":{"line":11,"column":8},"end":{"line":13,"column":9}},"line":11},"1":{"name":"(anonymous_1)","decl":{"start":{"line":14,"column":21},"end":{"line":14,"column":22}},"loc":{"start":{"line":14,"column":38},"end":{"line":16,"column":9}},"line":14},"2":{"name":"(anonymous_2)","decl":{"start":{"line":17,"column":20},"end":{"line":17,"column":21}},"loc":{"start":{"line":17,"column":37},"end":{"line":24,"column":5}},"line":17}},"branchMap":{},"s":{"0":1,"1":0,"2":0,"3":0,"4":0,"5":0,"6":1},"f":{"0":0,"1":0,"2":0},"b":{},"_coverageSchema":"1a1c01bbd47fc00a2c39e90264f33305004495a9","hash":"bda328519d3e03ced7bd8ed72391e347a33369c7"}
,"C:\\Users\\Rupa Singh\\Music\\Interview_Prep - Copy\\React\\src\\utils\\useOnlineStatus.js": {"path":"C:\\Users\\Rupa Singh\\Music\\Interview_Prep - Copy\\React\\src\\utils\\useOnlineStatus.js","statementMap":{"0":{"start":{"line":3,"column":24},"end":{"line":17,"column":1}},"1":{"start":{"line":4,"column":34},"end":{"line":4,"column":48}},"2":{"start":{"line":6,"column":2},"end":{"line":14,"column":9}},"3":{"start":{"line":7,"column":4},"end":{"line":9,"column":7}},"4":{"start":{"line":8,"column":6},"end":{"line":8,"column":24}},"5":{"start":{"line":11,"column":4},"end":{"line":13,"column":7}},"6":{"start":{"line":12,"column":6},"end":{"line":12,"column":25}},"7":{"start":{"line":16,"column":2},"end":{"line":16,"column":18}}},"fnMap":{"0":{"name":"(anonymous_0)","decl":{"start":{"line":3,"column":24},"end":{"line":3,"column":25}},"loc":{"start":{"line":3,"column":30},"end":{"line":17,"column":1}},"line":3},"1":{"name":"(anonymous_1)","decl":{"start":{"line":6,"column":12},"end":{"line":6,"column":13}},"loc":{"start":{"line":6,"column":18},"end":{"line":14,"column":3}},"line":6},"2":{"name":"(anonymous_2)","decl":{"start":{"line":7,"column":38},"end":{"line":7,"column":39}},"loc":{"start":{"line":7,"column":44},"end":{"line":9,"column":5}},"line":7},"3":{"name":"(anonymous_3)","decl":{"start":{"line":11,"column":39},"end":{"line":11,"column":40}},"loc":{"start":{"line":11,"column":45},"end":{"line":13,"column":5}},"line":11}},"branchMap":{},"s":{"0":1,"1":5,"2":5,"3":4,"4":0,"5":4,"6":0,"7":5},"f":{"0":5,"1":4,"2":0,"3":0},"b":{},"_coverageSchema":"1a1c01bbd47fc00a2c39e90264f33305004495a9","hash":"f28fd3272cf54fbeb550149244dd6342b8b0f962"}
}
